2025-12-31T12:58:18.527+0800	INFO	middleware/logging.go:21	HTTP Request	{"method": "GET", "path": "/portofolio", "duration": "2.317013ms"}
2025-12-31T12:58:20.172+0800	INFO	middleware/logging.go:21	HTTP Request	{"method": "GET", "path": "/", "duration": "944.97µs"}
2025-12-31T13:33:50.456+0800	INFO	middleware/logging.go:21	HTTP Request	{"method": "GET", "path": "/", "duration": "2.228252ms"}
2025-12-31T13:33:50.482+0800	INFO	middleware/logging.go:21	HTTP Request	{"method": "GET", "path": "/assets/style.css", "duration": "76.283µs"}
2025-12-31T13:35:38.725+0800	INFO	middleware/logging.go:21	HTTP Request	{"method": "GET", "path": "/portfolio", "duration": "30.959µs"}
2025-12-31T13:36:22.692+0800	INFO	middleware/logging.go:21	HTTP Request	{"method": "GET", "path": "/resume", "duration": "7.868822ms"}
2025-12-31T13:36:26.262+0800	INFO	middleware/logging.go:21	HTTP Request	{"method": "GET", "path": "/portofolio", "duration": "2.449178ms"}
2025-12-31T13:36:28.547+0800	INFO	middleware/logging.go:21	HTTP Request	{"method": "GET", "path": "/", "duration": "2.215076ms"}
2025-12-31T13:36:30.141+0800	INFO	middleware/logging.go:21	HTTP Request	{"method": "GET", "path": "/portfolio", "duration": "20.942µs"}
2025-12-31T13:36:43.348+0800	INFO	middleware/logging.go:21	HTTP Request	{"method": "GET", "path": "/portfolio", "duration": "21.853µs"}
2025-12-31T13:36:46.329+0800	INFO	middleware/logging.go:21	HTTP Request	{"method": "GET", "path": "/portfolio", "duration": "22.522µs"}
2025-12-31T13:37:02.437+0800	INFO	middleware/logging.go:21	HTTP Request	{"method": "GET", "path": "/about", "duration": "3.561033ms"}
2025-12-31T13:37:12.310+0800	INFO	middleware/logging.go:21	HTTP Request	{"method": "GET", "path": "/portofolio", "duration": "1.749368ms"}
2025-12-31T13:37:29.795+0800	INFO	middleware/logging.go:21	HTTP Request	{"method": "GET", "path": "/resume", "duration": "3.111092ms"}
2025-12-31T13:37:38.014+0800	INFO	middleware/logging.go:21	HTTP Request	{"method": "GET", "path": "/contact", "duration": "386.059µs"}
2025-12-31T13:38:04.603+0800	INFO	middleware/logging.go:21	HTTP Request	{"method": "POST", "path": "/message", "duration": "7.320312ms"}
2025-12-31T22:20:04.696+0800	INFO	middleware/logging.go:21	HTTP Request	{"method": "GET", "path": "/", "duration": "1.86077ms"}
2025-12-31T22:20:04.717+0800	INFO	middleware/logging.go:21	HTTP Request	{"method": "GET", "path": "/assets/style.css", "duration": "122.418µs"}
2025-12-31T22:20:04.718+0800	INFO	middleware/logging.go:21	HTTP Request	{"method": "GET", "path": "/assets/script.js", "duration": "136.01µs"}
2025-12-31T22:20:08.971+0800	INFO	middleware/logging.go:21	HTTP Request	{"method": "GET", "path": "/about", "duration": "2.194932ms"}
2025-12-31T22:20:10.184+0800	INFO	middleware/logging.go:21	HTTP Request	{"method": "GET", "path": "/portofolio", "duration": "1.493542ms"}
2025-12-31T22:20:25.450+0800	INFO	middleware/logging.go:21	HTTP Request	{"method": "GET", "path": "/contact", "duration": "245.355µs"}
